Loaded plugins: amazon-id, rhui-lb, search-disabled-repos
Installed Packages
GeoIP.x86_64               1.5.0-11.el7        @anaconda/7.3                    
NetworkManager.x86_64      1:1.4.0-20.el7_3    @koji-override-0/7.3             
NetworkManager-config-server.x86_64
                           1:1.4.0-20.el7_3    @rhui-REGION-rhel-server-releases
NetworkManager-libnm.x86_64
                           1:1.4.0-20.el7_3    @koji-override-0/7.3             
NetworkManager-team.x86_64 1:1.4.0-20.el7_3    @koji-override-0/7.3             
NetworkManager-tui.x86_64  1:1.4.0-20.el7_3    @koji-override-0/7.3             
PyYAML.x86_64              3.10-11.el7         @anaconda/7.3                    
Red_Hat_Enterprise_Linux-Release_Notes-7-en-US.noarch
                           7-2.el7             @anaconda/7.3                    
acl.x86_64                 2.2.51-12.el7       @anaconda/7.3                    
alsa-lib.x86_64            1.1.1-1.el7         @rhui-REGION-rhel-server-releases
ansible.noarch             2.3.1.0-1.el7       @epel                            
apache-commons-collections.noarch
                           3.2.1-22.el7_2      @rhui-REGION-rhel-server-releases
apache-commons-daemon.x86_64
                           1.0.13-6.el7        @rhui-REGION-rhel-server-releases
apache-commons-dbcp.noarch 1.4-17.el7          @rhui-REGION-rhel-server-releases
apache-commons-logging.noarch
                           1.1.2-7.el7         @rhui-REGION-rhel-server-releases
apache-commons-pool.noarch 1.6-9.el7           @rhui-REGION-rhel-server-releases
apr.x86_64                 1.4.8-3.el7         @rhui-REGION-rhel-server-releases
apr-util.x86_64            1.5.2-6.el7         @rhui-REGION-rhel-server-releases
audit.x86_64               2.6.5-3.el7_3.1     @koji-override-0/7.3             
audit-libs.x86_64          2.6.5-3.el7_3.1     @koji-override-0/7.3             
audit-libs-python.x86_64   2.6.5-3.el7_3.1     @koji-override-0/7.3             
authconfig.x86_64          6.2.8-14.el7        @anaconda/7.3                    
avalon-framework.noarch    4.3-10.el7          @rhui-REGION-rhel-server-releases
avalon-logkit.noarch       2.1-14.el7          @rhui-REGION-rhel-server-releases
basesystem.noarch          10.0-7.el7          @anaconda/7.3                    
bash.x86_64                4.2.46-21.el7_3     @koji-override-0/7.3             
bind-libs-lite.x86_64      32:9.9.4-50.el7_3.1 @rhui-REGION-rhel-server-releases
bind-license.noarch        32:9.9.4-50.el7_3.1 @rhui-REGION-rhel-server-releases
binutils.x86_64            2.25.1-22.base.el7  @anaconda/7.3                    
btrfs-progs.x86_64         4.4.1-1.el7         @anaconda/7.3                    
bzip2-libs.x86_64          1.0.6-13.el7        @anaconda/7.3                    
ca-certificates.noarch     2017.2.14-70.1.el7_3
                                               @koji-override-0/7.3             
checkpolicy.x86_64         2.5-4.el7           @anaconda/7.3                    
chkconfig.x86_64           1.7.2-1.el7_3.1     @rhui-REGION-rhel-server-releases
chrony.x86_64              2.1.1-4.el7_3       @rhui-REGION-rhel-server-releases
cloud-init.x86_64          0.7.9-3.el7         @rhui-REGION-rhel-server-rh-common
cloud-utils-growpart.noarch
                           0.29-1.el7          @rhui-REGION-rhel-server-rh-common
copy-jdk-configs.noarch    1.2-1.el7           @rhui-REGION-rhel-server-releases
coreutils.x86_64           8.22-18.el7         @anaconda/7.3                    
cpio.x86_64                2.11-24.el7         @anaconda/7.3                    
cracklib.x86_64            2.9.0-11.el7        @anaconda/7.3                    
cracklib-dicts.x86_64      2.9.0-11.el7        @anaconda/7.3                    
cronie.x86_64              1.4.11-14.el7_2.1   @anaconda/7.3                    
cronie-anacron.x86_64      1.4.11-14.el7_2.1   @anaconda/7.3                    
crontabs.noarch            1.11-6.20121102git.el7
                                               @anaconda/7.3                    
cryptsetup-libs.x86_64     1.7.2-1.el7         @anaconda/7.3                    
curl.x86_64                7.29.0-35.el7       @anaconda/7.3                    
cyrus-sasl-lib.x86_64      2.1.26-20.el7_2     @anaconda/7.3                    
dbus.x86_64                1:1.6.12-17.el7     @anaconda/7.3                    
dbus-glib.x86_64           0.100-7.el7         @anaconda/7.3                    
dbus-libs.x86_64           1:1.6.12-17.el7     @anaconda/7.3                    
dbus-python.x86_64         1.1.1-9.el7         @anaconda/7.3                    
desktop-file-utils.x86_64  0.22-1.el7          @anaconda/7.3                    
device-mapper.x86_64       7:1.02.135-1.el7_3.5
                                               @rhui-REGION-rhel-server-releases
device-mapper-libs.x86_64  7:1.02.135-1.el7_3.5
                                               @rhui-REGION-rhel-server-releases
dhclient.x86_64            12:4.2.5-47.el7     @anaconda/7.3                    
dhcp-common.x86_64         12:4.2.5-47.el7     @anaconda/7.3                    
dhcp-libs.x86_64           12:4.2.5-47.el7     @anaconda/7.3                    
diffutils.x86_64           3.3-4.el7           @anaconda/7.3                    
dmidecode.x86_64           1:3.0-2.1.el7_3     @koji-override-0/7.3             
dnsmasq.x86_64             2.66-21.el7         @anaconda/7.3                    
dracut.x86_64              033-463.el7_3.2     @rhui-REGION-rhel-server-releases
dracut-config-generic.x86_64
                           033-463.el7_3.2     @rhui-REGION-rhel-server-releases
dracut-config-rescue.x86_64
                           033-463.el7_3.2     @rhui-REGION-rhel-server-releases
dracut-network.x86_64      033-463.el7_3.2     @rhui-REGION-rhel-server-releases
e2fsprogs.x86_64           1.42.9-9.el7        @anaconda/7.3                    
e2fsprogs-libs.x86_64      1.42.9-9.el7        @anaconda/7.3                    
ecj.x86_64                 1:4.2.1-8.el7       @rhui-REGION-rhel-server-releases
elfutils-libelf.x86_64     0.166-2.el7         @anaconda/7.3                    
elfutils-libs.x86_64       0.166-2.el7         @anaconda/7.3                    
emacs-filesystem.noarch    1:24.3-19.el7_3     @rhui-REGION-rhel-server-releases
epel-release.noarch        7-10                installed                        
ethtool.x86_64             2:4.5-3.el7         @anaconda/7.3                    
expat.x86_64               2.1.0-10.el7_3      @koji-override-0/7.3             
file.x86_64                5.11-33.el7         @anaconda/7.3                    
file-libs.x86_64           5.11-33.el7         @anaconda/7.3                    
filesystem.x86_64          3.2-21.el7          @anaconda/7.3                    
findutils.x86_64           1:4.5.11-5.el7      @anaconda/7.3                    
fipscheck.x86_64           1.4.1-5.el7         @anaconda/7.3                    
fipscheck-lib.x86_64       1.4.1-5.el7         @anaconda/7.3                    
fontconfig.x86_64          2.10.95-10.el7      @rhui-REGION-rhel-server-releases
fontpackages-filesystem.noarch
                           1.44-8.el7          @rhui-REGION-rhel-server-releases
freetype.x86_64            2.4.11-12.el7       @anaconda/7.3                    
gawk.x86_64                4.0.2-4.el7_3.1     @rhui-REGION-rhel-server-releases
gd.x86_64                  2.0.35-26.el7       @rhui-REGION-rhel-server-releases
gdbm.x86_64                1.10-8.el7          @anaconda/7.3                    
gdisk.x86_64               0.8.6-5.el7         @anaconda/7.3                    
geronimo-jms.noarch        1.1.1-19.el7        @rhui-REGION-rhel-server-releases
geronimo-jta.noarch        1.1.1-17.el7        @rhui-REGION-rhel-server-releases
gettext.x86_64             0.18.2.1-4.el7      @anaconda/7.3                    
gettext-libs.x86_64        0.18.2.1-4.el7      @anaconda/7.3                    
giflib.x86_64              4.1.6-9.el7         @rhui-REGION-rhel-server-releases
git.x86_64                 1.8.3.1-6.el7_2.1   @rhui-REGION-rhel-server-releases
glib-networking.x86_64     2.42.0-1.el7        @anaconda/7.3                    
glib2.x86_64               2.46.2-4.el7        @anaconda/7.3                    
glibc.x86_64               2.17-157.el7_3.5    @rhui-REGION-rhel-server-releases
glibc-common.x86_64        2.17-157.el7_3.5    @rhui-REGION-rhel-server-releases
gmp.x86_64                 1:6.0.0-12.el7_1    @anaconda/7.3                    
gnupg2.x86_64              2.0.22-4.el7        @anaconda/7.3                    
gnutls.x86_64              3.3.24-1.el7        @anaconda/7.3                    
gobject-introspection.x86_64
                           1.42.0-1.el7        @anaconda/7.3                    
gperftools-libs.x86_64     2.4-8.el7           @rhui-REGION-rhel-server-releases
gpgme.x86_64               1.3.2-5.el7         @anaconda/7.3                    
gpm-libs.x86_64            1.20.7-5.el7        @rhui-REGION-rhel-server-releases
grep.x86_64                2.20-2.el7          @anaconda/7.3                    
groff-base.x86_64          1.22.2-8.el7        @anaconda/7.3                    
grub2.x86_64               1:2.02-0.44.el7     @anaconda/7.3                    
grub2-tools.x86_64         1:2.02-0.44.el7     @anaconda/7.3                    
grubby.x86_64              8.28-21.el7_3       @koji-override-0/7.3             
gsettings-desktop-schemas.x86_64
                           3.14.2-1.el7        @anaconda/7.3                    
gzip.x86_64                1.5-8.el7           @anaconda/7.3                    
hardlink.x86_64            1:1.0-19.el7        @anaconda/7.3                    
hostname.x86_64            3.13-3.el7          @anaconda/7.3                    
httpd.x86_64               2.4.6-45.el7_3.4    @rhui-REGION-rhel-server-releases
httpd-tools.x86_64         2.4.6-45.el7_3.4    @rhui-REGION-rhel-server-releases
hwdata.x86_64              0.252-8.4.el7       @anaconda/7.3                    
info.x86_64                5.1-4.el7           @anaconda/7.3                    
initscripts.x86_64         9.49.37-1.el7_3.1   @koji-override-0/7.3             
iproute.x86_64             3.10.0-74.el7       @anaconda/7.3                    
iptables.x86_64            1.4.21-17.el7       @anaconda/7.3                    
iputils.x86_64             20160308-8.el7      @anaconda/7.3                    
irqbalance.x86_64          3:1.0.7-6.el7_3.1   @rhui-REGION-rhel-server-releases
iwl7265-firmware.noarch    22.0.7.0-49.el7     @anaconda/7.3                    
jansson.x86_64             2.4-6.el7           @anaconda/7.3                    
java-1.8.0-openjdk.x86_64  1:1.8.0.141-1.b16.el7_3
                                               @rhui-REGION-rhel-server-releases
java-1.8.0-openjdk-headless.x86_64
                           1:1.8.0.141-1.b16.el7_3
                                               @rhui-REGION-rhel-server-releases
javamail.noarch            1.4.6-8.el7         @rhui-REGION-rhel-server-releases
javapackages-tools.noarch  3.4.1-11.el7        @rhui-REGION-rhel-server-releases
json-c.x86_64              0.11-4.el7_0        @anaconda/7.3                    
kbd.x86_64                 1.15.5-12.el7       @anaconda/7.3                    
kbd-legacy.noarch          1.15.5-12.el7       @anaconda/7.3                    
kbd-misc.noarch            1.15.5-12.el7       @anaconda/7.3                    
kernel.x86_64              3.10.0-514.21.2.el7 @koji-override-0/7.3             
kernel.x86_64              3.10.0-514.26.2.el7 @rhui-REGION-rhel-server-releases
kernel-tools.x86_64        3.10.0-514.26.2.el7 @rhui-REGION-rhel-server-releases
kernel-tools-libs.x86_64   3.10.0-514.26.2.el7 @rhui-REGION-rhel-server-releases
kexec-tools.x86_64         2.0.7-50.el7        @anaconda/7.3                    
keyutils-libs.x86_64       1.5.8-3.el7         @anaconda/7.3                    
kmod.x86_64                20-9.el7            @anaconda/7.3                    
kmod-libs.x86_64           20-9.el7            @anaconda/7.3                    
kpartx.x86_64              0.4.9-99.el7_3.3    @koji-override-0/7.3             
krb5-libs.x86_64           1.14.1-27.el7_3     @koji-override-0/7.3             
less.x86_64                458-9.el7           @anaconda/7.3                    
libICE.x86_64              1.0.9-2.el7         @rhui-REGION-rhel-server-releases
libSM.x86_64               1.2.2-2.el7         @rhui-REGION-rhel-server-releases
libX11.x86_64              1.6.3-3.el7         @rhui-REGION-rhel-server-releases
libX11-common.noarch       1.6.3-3.el7         @rhui-REGION-rhel-server-releases
libXau.x86_64              1.0.8-2.1.el7       @rhui-REGION-rhel-server-releases
libXcomposite.x86_64       0.4.4-4.1.el7       @rhui-REGION-rhel-server-releases
libXext.x86_64             1.3.3-3.el7         @rhui-REGION-rhel-server-releases
libXfont.x86_64            1.5.1-2.el7         @rhui-REGION-rhel-server-releases
libXi.x86_64               1.7.4-2.el7         @rhui-REGION-rhel-server-releases
libXpm.x86_64              3.5.11-3.el7        @rhui-REGION-rhel-server-releases
libXrender.x86_64          0.9.8-2.1.el7       @rhui-REGION-rhel-server-releases
libXtst.x86_64             1.2.2-2.1.el7       @rhui-REGION-rhel-server-releases
libacl.x86_64              2.2.51-12.el7       @anaconda/7.3                    
libassuan.x86_64           2.1.0-3.el7         @anaconda/7.3                    
libattr.x86_64             2.4.46-12.el7       @anaconda/7.3                    
libblkid.x86_64            2.23.2-33.el7_3.2   @koji-override-0/7.3             
libcap.x86_64              2.22-8.el7          @anaconda/7.3                    
libcap-ng.x86_64           0.7.5-4.el7         @anaconda/7.3                    
libcgroup.x86_64           0.41-11.el7         @anaconda/7.3                    
libcom_err.x86_64          1.42.9-9.el7        @anaconda/7.3                    
libcroco.x86_64            0.6.8-5.el7         @anaconda/7.3                    
libcurl.x86_64             7.29.0-35.el7       @anaconda/7.3                    
libdaemon.x86_64           0.14-7.el7          @anaconda/7.3                    
libdb.x86_64               5.3.21-19.el7       @anaconda/7.3                    
libdb-utils.x86_64         5.3.21-19.el7       @anaconda/7.3                    
libedit.x86_64             3.0-12.20121213cvs.el7
                                               @anaconda/7.3                    
libestr.x86_64             0.1.9-2.el7         @anaconda/7.3                    
libffi.x86_64              3.0.13-18.el7       @anaconda/7.3                    
libfontenc.x86_64          1.1.2-3.el7         @rhui-REGION-rhel-server-releases
libgcc.x86_64              4.8.5-11.el7        @anaconda/7.3                    
libgcrypt.x86_64           1.5.3-13.el7_3.1    @koji-override-0/7.3             
libgnome-keyring.x86_64    3.8.0-3.el7         @rhui-REGION-rhel-server-releases
libgomp.x86_64             4.8.5-11.el7        @anaconda/7.3                    
libgpg-error.x86_64        1.12-3.el7          @anaconda/7.3                    
libgudev1.x86_64           219-30.el7_3.9      @koji-override-0/7.3             
libicu.x86_64              50.1.2-15.el7       @anaconda/7.3                    
libidn.x86_64              1.28-4.el7          @anaconda/7.3                    
libjpeg-turbo.x86_64       1.2.90-5.el7        @rhui-REGION-rhel-server-releases
libmnl.x86_64              1.0.3-7.el7         @anaconda/7.3                    
libmodman.x86_64           2.0.1-8.el7         @anaconda/7.3                    
libmount.x86_64            2.23.2-33.el7_3.2   @koji-override-0/7.3             
libndp.x86_64              1.2-7.el7           @anaconda/7.3                    
libnetfilter_conntrack.x86_64
                           1.0.6-1.el7_3       @koji-override-0/7.3             
libnfnetlink.x86_64        1.0.1-4.el7         @anaconda/7.3                    
libnl.x86_64               1.1.4-3.el7         @anaconda/7.3                    
libnl3.x86_64              3.2.28-3.el7_3      @koji-override-0/7.3             
libnl3-cli.x86_64          3.2.28-3.el7_3      @koji-override-0/7.3             
libpcap.x86_64             14:1.5.3-8.el7      @anaconda/7.3                    
libpipeline.x86_64         1.2.3-3.el7         @anaconda/7.3                    
libpng.x86_64              2:1.5.13-7.el7_2    @rhui-REGION-rhel-server-releases
libproxy.x86_64            0.4.11-10.el7       @anaconda/7.3                    
libpwquality.x86_64        1.2.3-4.el7         @anaconda/7.3                    
libselinux.x86_64          2.5-6.el7           @anaconda/7.3                    
libselinux-python.x86_64   2.5-6.el7           @anaconda/7.3                    
libselinux-utils.x86_64    2.5-6.el7           @anaconda/7.3                    
libsemanage.x86_64         2.5-5.1.el7_3       @koji-override-0/7.3             
libsemanage-python.x86_64  2.5-5.1.el7_3       @koji-override-0/7.3             
libsepol.x86_64            2.5-6.el7           @anaconda/7.3                    
libsoup.x86_64             2.48.1-6.el7        @anaconda/7.3                    
libss.x86_64               1.42.9-9.el7        @anaconda/7.3                    
libssh2.x86_64             1.4.3-10.el7_2.1    @anaconda/7.3                    
libstdc++.x86_64           4.8.5-11.el7        @anaconda/7.3                    
libsysfs.x86_64            2.1.0-16.el7        @anaconda/7.3                    
libtasn1.x86_64            3.8-3.el7           @anaconda/7.3                    
libteam.x86_64             1.25-4.el7          @anaconda/7.3                    
libtomcrypt.x86_64         1.17-25.el7         @epel                            
libtommath.x86_64          0.42.0-5.el7        @epel                            
libunistring.x86_64        0.9.3-9.el7         @anaconda/7.3                    
libunwind.x86_64           2:1.1-5.el7_2.2     @rhui-REGION-rhel-server-releases
libuser.x86_64             0.60-7.el7_1        @anaconda/7.3                    
libutempter.x86_64         1.1.6-4.el7         @anaconda/7.3                    
libuuid.x86_64             2.23.2-33.el7_3.2   @koji-override-0/7.3             
libverto.x86_64            0.2.5-4.el7         @anaconda/7.3                    
libxcb.x86_64              1.11-4.el7          @rhui-REGION-rhel-server-releases
libxml2.x86_64             2.9.1-6.el7_2.3     @anaconda/7.3                    
libxml2-python.x86_64      2.9.1-6.el7_2.3     @anaconda/7.3                    
libxslt.x86_64             1.1.28-5.el7        @anaconda/7.3                    
libyaml.x86_64             0.1.4-11.el7_0      @anaconda/7.3                    
linux-firmware.noarch      20160830-49.git7534e19.el7
                                               @rhui-REGION-rhel-server-releases
lksctp-tools.x86_64        1.0.17-2.el7        @rhui-REGION-rhel-server-releases
log4j.noarch               1.2.17-15.el7       @rhui-REGION-rhel-server-releases
logrotate.x86_64           3.8.6-12.el7        @anaconda/7.3                    
lua.x86_64                 5.1.4-15.el7        @anaconda/7.3                    
lzo.x86_64                 2.06-8.el7          @anaconda/7.3                    
m2crypto.x86_64            0.21.1-17.el7       @anaconda/7.3                    
mailcap.noarch             2.1.41-2.el7        @rhui-REGION-rhel-server-releases
make.x86_64                1:3.82-23.el7       @anaconda/7.3                    
man-db.x86_64              2.6.3-9.el7         @anaconda/7.3                    
mariadb-libs.x86_64        1:5.5.52-1.el7      @anaconda/7.3                    
microcode_ctl.x86_64       2:2.1-16.3.el7_3    @koji-override-0/7.3             
mozjs17.x86_64             17.0.0-19.el7       @anaconda/7.3                    
ncurses.x86_64             5.9-13.20130511.el7 @anaconda/7.3                    
ncurses-base.noarch        5.9-13.20130511.el7 @anaconda/7.3                    
ncurses-libs.x86_64        5.9-13.20130511.el7 @anaconda/7.3                    
net-tools.x86_64           2.0-0.17.20131004git.el7
                                               @anaconda/7.3                    
nettle.x86_64              2.7.1-8.el7         @anaconda/7.3                    
newt.x86_64                0.52.15-4.el7       @anaconda/7.3                    
newt-python.x86_64         0.52.15-4.el7       @anaconda/7.3                    
nginx-filesystem.noarch    1:1.10.2-1.el7      @epel                            
nspr.x86_64                4.13.1-1.0.el7_3    @koji-override-0/7.3             
nss.x86_64                 3.28.4-1.2.el7_3    @koji-override-0/7.3             
nss-softokn.x86_64         3.16.2.3-14.4.el7   @anaconda/7.3                    
nss-softokn-freebl.x86_64  3.16.2.3-14.4.el7   @anaconda/7.3                    
nss-sysinit.x86_64         3.28.4-1.2.el7_3    @koji-override-0/7.3             
nss-tools.x86_64           3.28.4-1.2.el7_3    @koji-override-0/7.3             
nss-util.x86_64            3.28.4-1.0.el7_3    @koji-override-0/7.3             
numactl-libs.x86_64        2.0.9-6.el7_2       @anaconda/7.3                    
openldap.x86_64            2.4.40-13.el7       @anaconda/7.3                    
openssh.x86_64             6.6.1p1-35.el7_3    @rhui-REGION-rhel-server-releases
openssh-clients.x86_64     6.6.1p1-35.el7_3    @rhui-REGION-rhel-server-releases
openssh-server.x86_64      6.6.1p1-35.el7_3    @rhui-REGION-rhel-server-releases
openssl.x86_64             1:1.0.1e-60.el7_3.1 @koji-override-0/7.3             
openssl-libs.x86_64        1:1.0.1e-60.el7_3.1 @koji-override-0/7.3             
os-prober.x86_64           1.58-9.el7          @anaconda/7.3                    
p11-kit.x86_64             0.20.7-3.el7        @anaconda/7.3                    
p11-kit-trust.x86_64       0.20.7-3.el7        @anaconda/7.3                    
pam.x86_64                 1.1.8-18.el7        @anaconda/7.3                    
parted.x86_64              3.1-28.el7          @anaconda/7.3                    
passwd.x86_64              0.79-4.el7          @anaconda/7.3                    
pciutils.x86_64            3.5.1-1.el7         @anaconda/7.3                    
pciutils-libs.x86_64       3.5.1-1.el7         @anaconda/7.3                    
pcre.x86_64                8.32-15.el7_2.1     @anaconda/7.3                    
perl.x86_64                4:5.16.3-291.el7    @rhui-REGION-rhel-server-releases
perl-Carp.noarch           1.26-244.el7        @rhui-REGION-rhel-server-releases
perl-Encode.x86_64         2.51-7.el7          @rhui-REGION-rhel-server-releases
perl-Error.noarch          1:0.17020-2.el7     @rhui-REGION-rhel-server-releases
perl-Exporter.noarch       5.68-3.el7          @rhui-REGION-rhel-server-releases
perl-File-Path.noarch      2.09-2.el7          @rhui-REGION-rhel-server-releases
perl-File-Temp.noarch      0.23.01-3.el7       @rhui-REGION-rhel-server-releases
perl-Filter.x86_64         1.49-3.el7          @rhui-REGION-rhel-server-releases
perl-Getopt-Long.noarch    2.40-2.el7          @rhui-REGION-rhel-server-releases
perl-Git.noarch            1.8.3.1-6.el7_2.1   @rhui-REGION-rhel-server-releases
perl-HTTP-Tiny.noarch      0.033-3.el7         @rhui-REGION-rhel-server-releases
perl-PathTools.x86_64      3.40-5.el7          @rhui-REGION-rhel-server-releases
perl-Pod-Escapes.noarch    1:1.04-291.el7      @rhui-REGION-rhel-server-releases
perl-Pod-Perldoc.noarch    3.20-4.el7          @rhui-REGION-rhel-server-releases
perl-Pod-Simple.noarch     1:3.28-4.el7        @rhui-REGION-rhel-server-releases
perl-Pod-Usage.noarch      1.63-3.el7          @rhui-REGION-rhel-server-releases
perl-Scalar-List-Utils.x86_64
                           1.27-248.el7        @rhui-REGION-rhel-server-releases
perl-Socket.x86_64         2.010-4.el7         @rhui-REGION-rhel-server-releases
perl-Storable.x86_64       2.45-3.el7          @rhui-REGION-rhel-server-releases
perl-TermReadKey.x86_64    2.30-20.el7         @rhui-REGION-rhel-server-releases
perl-Text-ParseWords.noarch
                           3.29-4.el7          @rhui-REGION-rhel-server-releases
perl-Time-HiRes.x86_64     4:1.9725-3.el7      @rhui-REGION-rhel-server-releases
perl-Time-Local.noarch     1.2300-2.el7        @rhui-REGION-rhel-server-releases
perl-constant.noarch       1.27-2.el7          @rhui-REGION-rhel-server-releases
perl-libs.x86_64           4:5.16.3-291.el7    @rhui-REGION-rhel-server-releases
perl-macros.x86_64         4:5.16.3-291.el7    @rhui-REGION-rhel-server-releases
perl-parent.noarch         1:0.225-244.el7     @rhui-REGION-rhel-server-releases
perl-podlators.noarch      2.5.1-3.el7         @rhui-REGION-rhel-server-releases
perl-threads.x86_64        1.87-4.el7          @rhui-REGION-rhel-server-releases
perl-threads-shared.x86_64 1.43-6.el7          @rhui-REGION-rhel-server-releases
pinentry.x86_64            0.8.1-17.el7        @anaconda/7.3                    
pkgconfig.x86_64           1:0.27.1-4.el7      @anaconda/7.3                    
policycoreutils.x86_64     2.5-11.el7_3        @koji-override-0/7.3             
policycoreutils-python.x86_64
                           2.5-11.el7_3        @koji-override-0/7.3             
polkit.x86_64              0.112-12.el7_3      @koji-override-0/7.3             
polkit-pkla-compat.x86_64  0.1-4.el7           @anaconda/7.3                    
popt.x86_64                1.13-16.el7         @anaconda/7.3                    
postfix.x86_64             2:2.10.1-6.el7      @anaconda/7.3                    
ppp.x86_64                 2.4.5-33.el7        @anaconda/7.3                    
procps-ng.x86_64           3.3.10-10.el7       @anaconda/7.3                    
pth.x86_64                 2.0.7-23.el7        @anaconda/7.3                    
pyOpenSSL.x86_64           0.13.1-3.el7        @anaconda/7.3                    
pygobject2.x86_64          2.28.6-11.el7       @anaconda/7.3                    
pygobject3-base.x86_64     3.14.0-3.el7        @anaconda/7.3                    
pygpgme.x86_64             0.3-9.el7           @anaconda/7.3                    
pyliblzma.x86_64           0.5.3-11.el7        @anaconda/7.3                    
pyserial.noarch            2.6-5.el7           @rhui-REGION-rhel-server-rh-common
python.x86_64              2.7.5-48.el7        @anaconda/7.3                    
python-IPy.noarch          0.75-6.el7          @anaconda/7.3                    
python-babel.noarch        0.9.6-8.el7         @rhui-REGION-rhel-server-releases
python-backports.x86_64    1.0-8.el7           @anaconda/7.3                    
python-backports-ssl_match_hostname.noarch
                           3.4.0.2-4.el7       @anaconda/7.3                    
python-chardet.noarch      2.2.1-1.el7_1       @anaconda/7.3                    
python-configobj.noarch    4.7.2-7.el7         @anaconda/7.3                    
python-dateutil.noarch     1.5-7.el7           @anaconda/7.3                    
python-decorator.noarch    3.4.0-3.el7         @anaconda/7.3                    
python-dmidecode.x86_64    3.10.13-12.el7_3    @rhui-REGION-rhel-server-releases
python-ethtool.x86_64      0.8-5.el7           @anaconda/7.3                    
python-gudev.x86_64        147.2-7.el7         @anaconda/7.3                    
python-httplib2.noarch     0.7.7-3.el7         @epel                            
python-hwdata.noarch       1.7.3-4.el7         @anaconda/7.3                    
python-iniparse.noarch     0.4-9.el7           @anaconda/7.3                    
python-javapackages.noarch 3.4.1-11.el7        @rhui-REGION-rhel-server-releases
python-jinja2.noarch       2.7.2-2.el7         @rhui-REGION-rhel-server-releases
python-jsonpatch.noarch    1.2-2.el7           @koji-override-0/7.3             
python-jsonpointer.noarch  1.9-2.el7           @anaconda/7.3                    
python-keyczar.noarch      0.71c-2.el7         @epel                            
python-kitchen.noarch      1.1.1-5.el7         @anaconda/7.3                    
python-libs.x86_64         2.7.5-48.el7        @anaconda/7.3                    
python-lxml.x86_64         3.2.1-4.el7         @anaconda/7.3                    
python-magic.noarch        5.11-33.el7         @anaconda/7.3                    
python-markupsafe.x86_64   0.11-10.el7         @rhui-REGION-rhel-server-releases
python-perf.x86_64         3.10.0-514.26.2.el7 @rhui-REGION-rhel-server-releases
python-prettytable.noarch  0.7.2-1.el7         @koji-override-0/7.3             
python-pycurl.x86_64       7.19.0-19.el7       @anaconda/7.3                    
python-pyudev.noarch       0.15-7.el7_2.1      @anaconda/7.3                    
python-requests.noarch     2.6.0-1.el7_1       @anaconda/7.3                    
python-rhsm.x86_64         1.17.10-1.el7_3     @rhui-REGION-rhel-server-releases
python-rhsm-certificates.x86_64
                           1.17.10-1.el7_3     @rhui-REGION-rhel-server-releases
python-setuptools.noarch   0.9.8-4.el7         @rhui-REGION-rhel-server-releases
python-six.noarch          1.9.0-2.el7         @anaconda/7.3                    
python-urlgrabber.noarch   3.10-8.el7          @anaconda/7.3                    
python-urllib3.noarch      1.10.2-2.el7_1      @anaconda/7.3                    
python2-crypto.x86_64      2.6.1-13.el7        @epel                            
python2-ecdsa.noarch       0.13-4.el7          @epel                            
python2-paramiko.noarch    1.16.1-2.el7        @epel                            
python2-pyasn1.noarch      0.1.9-7.el7         @rhui-REGION-rhel-server-releases
pyxattr.x86_64             0.5.1-5.el7         @anaconda/7.3                    
qrencode-libs.x86_64       3.4.1-3.el7         @anaconda/7.3                    
rdma.noarch                7.3_4.7_rc2-6.el7_3 @koji-override-0/7.3             
readline.x86_64            6.2-9.el7           @anaconda/7.3                    
redhat-logos.noarch        70.0.3-6.el7        @anaconda/7.3                    
redhat-release-server.x86_64
                           7.3-7.el7           @anaconda/7.3                    
redhat-support-lib-python.noarch
                           0.9.7-6.el7         @anaconda/7.3                    
redhat-support-tool.noarch 0.9.8-6.el7         @anaconda/7.3                    
rh-amazon-rhui-client.noarch
                           2.2.123-2.el7       @rhui-REGION-client-config-server-7
rhn-check.noarch           2.0.2-8.el7         @anaconda/7.3                    
rhn-client-tools.noarch    2.0.2-8.el7         @anaconda/7.3                    
rhn-setup.noarch           2.0.2-8.el7         @anaconda/7.3                    
rhnlib.noarch              2.5.65-2.el7        @anaconda/7.3                    
rhnsd.x86_64               5.0.13-5.el7        @anaconda/7.3                    
rootfiles.noarch           8.1-11.el7          @anaconda/7.3                    
rpm.x86_64                 4.11.3-21.el7       @anaconda/7.3                    
rpm-build-libs.x86_64      4.11.3-21.el7       @anaconda/7.3                    
rpm-libs.x86_64            4.11.3-21.el7       @anaconda/7.3                    
rpm-python.x86_64          4.11.3-21.el7       @anaconda/7.3                    
rsync.x86_64               3.0.9-17.el7        @anaconda/7.3                    
rsyslog.x86_64             7.4.7-16.el7        @anaconda/7.3                    
sed.x86_64                 4.2.2-5.el7         @anaconda/7.3                    
selinux-policy.noarch      3.13.1-102.el7_3.16 @rhui-REGION-rhel-server-releases
selinux-policy-targeted.noarch
                           3.13.1-102.el7_3.16 @rhui-REGION-rhel-server-releases
setools-libs.x86_64        3.3.8-1.1.el7       @anaconda/7.3                    
setup.noarch               2.8.71-7.el7        @anaconda/7.3                    
shadow-utils.x86_64        2:4.1.5.1-24.el7    @anaconda/7.3                    
shared-mime-info.x86_64    1.1-9.el7           @anaconda/7.3                    
slang.x86_64               2.2.4-11.el7        @anaconda/7.3                    
snappy.x86_64              1.1.0-3.el7         @anaconda/7.3                    
sqlite.x86_64              3.7.17-8.el7        @anaconda/7.3                    
sshpass.x86_64             1.06-1.el7          @epel                            
subscription-manager.x86_64
                           1.17.15-1.el7       @anaconda/7.3                    
sudo.x86_64                1.8.6p7-23.el7_3    @rhui-REGION-rhel-server-releases
systemd.x86_64             219-30.el7_3.9      @koji-override-0/7.3             
systemd-libs.x86_64        219-30.el7_3.9      @koji-override-0/7.3             
systemd-sysv.x86_64        219-30.el7_3.9      @koji-override-0/7.3             
sysvinit-tools.x86_64      2.88-14.dsf.el7     @anaconda/7.3                    
tar.x86_64                 2:1.26-31.el7       @anaconda/7.3                    
tcp_wrappers-libs.x86_64   7.6-77.el7          @anaconda/7.3                    
teamd.x86_64               1.25-4.el7          @anaconda/7.3                    
tomcat.noarch              7.0.69-12.el7_3     @rhui-REGION-rhel-server-releases
tomcat-el-2.2-api.noarch   7.0.69-12.el7_3     @rhui-REGION-rhel-server-releases
tomcat-jsp-2.2-api.noarch  7.0.69-12.el7_3     @rhui-REGION-rhel-server-releases
tomcat-lib.noarch          7.0.69-12.el7_3     @rhui-REGION-rhel-server-releases
tomcat-servlet-3.0-api.noarch
                           7.0.69-12.el7_3     @rhui-REGION-rhel-server-releases
tree.x86_64                1.6.0-10.el7        @rhui-REGION-rhel-server-releases
trousers.x86_64            0.3.13-1.el7        @anaconda/7.3                    
ttmkfdir.x86_64            3.0.9-42.el7        @rhui-REGION-rhel-server-releases
tuned.noarch               2.7.1-3.el7_3.2     @koji-override-0/7.3             
tzdata.noarch              2017b-1.el7         @koji-override-0/7.3             
tzdata-java.noarch         2017b-1.el7         @rhui-REGION-rhel-server-releases
usermode.x86_64            1.111-5.el7         @anaconda/7.3                    
ustr.x86_64                1.0.4-16.el7        @anaconda/7.3                    
util-linux.x86_64          2.23.2-33.el7_3.2   @koji-override-0/7.3             
vim-common.x86_64          2:7.4.160-1.el7_3.1 @rhui-REGION-rhel-server-releases
vim-enhanced.x86_64        2:7.4.160-1.el7_3.1 @rhui-REGION-rhel-server-releases
vim-filesystem.x86_64      2:7.4.160-1.el7_3.1 @rhui-REGION-rhel-server-releases
vim-minimal.x86_64         2:7.4.160-1.el7_3.1 @rhui-REGION-rhel-server-releases
virt-what.x86_64           1.13-8.el7          @anaconda/7.3                    
wget.x86_64                1.14-13.el7         @rhui-REGION-rhel-server-releases
which.x86_64               2.20-7.el7          @anaconda/7.3                    
wpa_supplicant.x86_64      1:2.0-21.el7_3      @koji-override-0/7.3             
xalan-j2.noarch            2.7.1-23.el7        @rhui-REGION-rhel-server-releases
xdg-utils.noarch           1.1.0-0.17.20120809git.el7
                                               @anaconda/7.3                    
xerces-j2.noarch           2.11.0-17.el7_0     @rhui-REGION-rhel-server-releases
xfsprogs.x86_64            4.5.0-10.el7_3      @rhui-REGION-rhel-server-releases
xml-commons-apis.noarch    1.4.01-16.el7       @rhui-REGION-rhel-server-releases
xml-commons-resolver.noarch
                           1.2-15.el7          @rhui-REGION-rhel-server-releases
xorg-x11-font-utils.x86_64 1:7.5-20.el7        @rhui-REGION-rhel-server-releases
xorg-x11-fonts-Type1.noarch
                           7.5-9.el7           @rhui-REGION-rhel-server-releases
xz.x86_64                  5.2.2-1.el7         @anaconda/7.3                    
xz-libs.x86_64             5.2.2-1.el7         @anaconda/7.3                    
yum.noarch                 3.4.3-150.el7       @anaconda/7.3                    
yum-metadata-parser.x86_64 1.1.4-10.el7        @anaconda/7.3                    
yum-rhn-plugin.noarch      2.0.1-6.1.el7_3     @koji-override-0/7.3             
yum-utils.noarch           1.1.31-40.el7       @anaconda/7.3                    
zlib.x86_64                1.2.7-17.el7        @anaconda/7.3                    
